<?xml version="1.0" encoding="UTF-8"?>
<testsuites name="Cicle Staging" time="22.003" tests="17" failures="0" errors="0">
   <testsuite name="Cicle Staging" tests="17" failures="0" errors="0" time="22.003" skipped="0" timestamp="2023-01-22 20:41:38" hostname="aniskunis - localhost" id="Test Suites/Cicle Staging">
      <properties>
         <property name="deviceName" value=""/>
         <property name="devicePlatform" value=""/>
         <property name="logFolder" value="/Users/aniskunis/Katalon Studio/bigProjectAPI/Reports/20230122_204124/Cicle Staging/20230122_204124"/>
         <property name="logFiles" value="/Users/aniskunis/Katalon Studio/bigProjectAPI/Reports/20230122_204124/Cicle Staging/20230122_204124/execution0.log"/>
         <property name="attachments" value=""/>
         <property name="hostName" value="aniskunis - localhost"/>
         <property name="hostAddress" value="127.0.0.1"/>
         <property name="os" value="Mac OS X 64bit"/>
         <property name="katalonVersion" value="8.5.1.208"/>
      </properties>
      <testcase name="Test Cases/Company/Company - Create" time="4.761" classname="Test Cases/Company/Company - Create" status="PASSED">
         <system-out><![CDATA[2023-01-22 20:41:39 - [TEST_CASE][PASSED] - Test Cases/Company/Company - Create: Test Cases/Company/Company - Create

2023-01-22 20:41:40 - [TEST_STEP][PASSED] - jsonSlurper = new groovy.json.JsonSlurper(): null

2023-01-22 20:41:40 - [TEST_STEP][PASSED] - resp = sendRequest(findTestObject("company/Create Company")): Send request successfully

2023-01-22 20:41:43 - [MESSAGE][INFO] - HAR: /Users/aniskunis/Katalon Studio/bigProjectAPI/Reports/20230122_204124/Cicle Staging/20230122_204124/requests/main/0.har

2023-01-22 20:41:43 - [MESSAGE][PASSED] - Send request successfully

2023-01-22 20:41:43 - [TEST_STEP][PASSED] - verifyResponseStatusCode(resp, 200): Verify response status code successfully

2023-01-22 20:41:44 - [MESSAGE][PASSED] - Verify response status code successfully

2023-01-22 20:41:44 - [TEST_STEP][PASSED] - verifyElementPropertyValue(resp, "message", "Successfully create company user"): Verify element property value successfully

2023-01-22 20:41:44 - [MESSAGE][PASSED] - Verify element property value successfully

2023-01-22 20:41:44 - [TEST_STEP][PASSED] - jsonResp = jsonSlurper.parseText(resp.getResponseBodyContent()): null

2023-01-22 20:41:44 - [TEST_STEP][PASSED] - companyID = _id: null]]></system-out>
         <system-err><![CDATA[]]></system-err>
      </testcase>
      <testcase name="Test Cases/Company/Company - Update Information" time="1.633" classname="Test Cases/Company/Company - Update Information" status="PASSED">
         <system-out><![CDATA[2023-01-22 20:41:44 - [TEST_CASE][PASSED] - Test Cases/Company/Company - Update Information: Test Cases/Company/Company - Update Information

2023-01-22 20:41:44 - [TEST_STEP][PASSED] - companyName = companyName + " has been Updated Name": null

2023-01-22 20:41:44 - [TEST_STEP][PASSED] - resp1 = sendRequest(findTestObject("Company/Update Company")): Send request successfully

2023-01-22 20:41:45 - [MESSAGE][INFO] - HAR: /Users/aniskunis/Katalon Studio/bigProjectAPI/Reports/20230122_204124/Cicle Staging/20230122_204124/requests/main/1.har

2023-01-22 20:41:45 - [MESSAGE][PASSED] - Send request successfully

2023-01-22 20:41:45 - [TEST_STEP][PASSED] - verifyResponseStatusCode(resp1, 200): Verify response status code successfully

2023-01-22 20:41:45 - [MESSAGE][PASSED] - Verify response status code successfully

2023-01-22 20:41:45 - [TEST_STEP][PASSED] - verifyElementPropertyValue(resp1, "company.name", companyName): Verify element property value successfully

2023-01-22 20:41:45 - [MESSAGE][PASSED] - Verify element property value successfully

2023-01-22 20:41:45 - [TEST_STEP][PASSED] - companyDesc = companyDesc + " has been Updated Description": null

2023-01-22 20:41:45 - [TEST_STEP][PASSED] - resp2 = sendRequest(findTestObject("Company/Update Company")): Send request successfully

2023-01-22 20:41:45 - [MESSAGE][INFO] - HAR: /Users/aniskunis/Katalon Studio/bigProjectAPI/Reports/20230122_204124/Cicle Staging/20230122_204124/requests/main/2.har

2023-01-22 20:41:45 - [MESSAGE][PASSED] - Send request successfully

2023-01-22 20:41:45 - [TEST_STEP][PASSED] - verifyResponseStatusCode(resp2, 200): Verify response status code successfully

2023-01-22 20:41:45 - [MESSAGE][PASSED] - Verify response status code successfully

2023-01-22 20:41:45 - [TEST_STEP][PASSED] - verifyElementPropertyValue(resp2, "company.desc", companyDesc): Verify element property value successfully

2023-01-22 20:41:45 - [MESSAGE][PASSED] - Verify element property value successfully]]></system-out>
         <system-err><![CDATA[]]></system-err>
      </testcase>
      <testcase name="Test Cases/Team/Team - Create" time="1.682" classname="Test Cases/Team/Team - Create" status="PASSED">
         <system-out><![CDATA[2023-01-22 20:41:45 - [TEST_CASE][PASSED] - Test Cases/Team/Team - Create: Test Cases/Team/Team - Create

2023-01-22 20:41:46 - [TEST_STEP][PASSED] - jsonSlurper = new groovy.json.JsonSlurper(): null

2023-01-22 20:41:46 - [TEST_STEP][PASSED] - resp1 = sendRequest(findTestObject("Team/Create Team")): Send request successfully

2023-01-22 20:41:46 - [MESSAGE][INFO] - HAR: /Users/aniskunis/Katalon Studio/bigProjectAPI/Reports/20230122_204124/Cicle Staging/20230122_204124/requests/main/3.har

2023-01-22 20:41:46 - [MESSAGE][PASSED] - Send request successfully

2023-01-22 20:41:46 - [TEST_STEP][PASSED] - jsonResp1 = jsonSlurper.parseText(resp1.getResponseText()): null

2023-01-22 20:41:46 - [TEST_STEP][PASSED] - teamID = _id: null

2023-01-22 20:41:46 - [TEST_STEP][PASSED] - boardID = boards[0]: null

2023-01-22 20:41:47 - [TEST_STEP][PASSED] - resp2 = sendRequest(findTestObject("Team/Get Team Information")): Send request successfully

2023-01-22 20:41:47 - [MESSAGE][INFO] - HAR: /Users/aniskunis/Katalon Studio/bigProjectAPI/Reports/20230122_204124/Cicle Staging/20230122_204124/requests/main/4.har

2023-01-22 20:41:47 - [MESSAGE][PASSED] - Send request successfully

2023-01-22 20:41:47 - [TEST_STEP][PASSED] - verifyResponseStatusCode(resp2, 200): Verify response status code successfully

2023-01-22 20:41:47 - [MESSAGE][PASSED] - Verify response status code successfully

2023-01-22 20:41:47 - [TEST_STEP][PASSED] - jsonResp2 = jsonSlurper.parseText(resp2.getResponseBodyContent()): null

2023-01-22 20:41:47 - [TEST_STEP][PASSED] - teamID_curr = _id: null

2023-01-22 20:41:47 - [TEST_STEP][PASSED] - verifyEqual(findTestObject(teamID_curr), findTestObject(teamID)): Actual object 'null' and expected object 'null' are equal

2023-01-22 20:41:47 - [MESSAGE][WARNING] - Test object with id 'Object Repository/63cd3d1ad466fda200aea838' does not exist

2023-01-22 20:41:47 - [MESSAGE][WARNING] - Test object with id 'Object Repository/63cd3d1ad466fda200aea838' does not exist

2023-01-22 20:41:47 - [MESSAGE][PASSED] - Actual object 'null' and expected object 'null' are equal]]></system-out>
         <system-err><![CDATA[]]></system-err>
      </testcase>
      <testcase name="Test Cases/Team/Team - Update Information" time="1.25" classname="Test Cases/Team/Team - Update Information" status="PASSED">
         <system-out><![CDATA[2023-01-22 20:41:47 - [TEST_CASE][PASSED] - Test Cases/Team/Team - Update Information: Test Cases/Team/Team - Update Information

2023-01-22 20:41:47 - [TEST_STEP][PASSED] - teamName = teamName + " has been Updated Name": null

2023-01-22 20:41:47 - [TEST_STEP][PASSED] - resp1 = sendRequest(findTestObject("Team/Update Team")): Send request successfully

2023-01-22 20:41:48 - [MESSAGE][INFO] - HAR: /Users/aniskunis/Katalon Studio/bigProjectAPI/Reports/20230122_204124/Cicle Staging/20230122_204124/requests/main/5.har

2023-01-22 20:41:48 - [MESSAGE][PASSED] - Send request successfully

2023-01-22 20:41:48 - [TEST_STEP][PASSED] - verifyResponseStatusCode(resp1, 200): Verify response status code successfully

2023-01-22 20:41:48 - [MESSAGE][PASSED] - Verify response status code successfully

2023-01-22 20:41:48 - [TEST_STEP][PASSED] - verifyElementPropertyValue(resp1, "currentTeam.name", teamName): Verify element property value successfully

2023-01-22 20:41:48 - [MESSAGE][PASSED] - Verify element property value successfully

2023-01-22 20:41:48 - [TEST_STEP][PASSED] - teamDesc = teamDesc + " has been Updated Description": null

2023-01-22 20:41:48 - [TEST_STEP][PASSED] - resp2 = sendRequest(findTestObject("Team/Update Team")): Send request successfully

2023-01-22 20:41:48 - [MESSAGE][INFO] - HAR: /Users/aniskunis/Katalon Studio/bigProjectAPI/Reports/20230122_204124/Cicle Staging/20230122_204124/requests/main/6.har

2023-01-22 20:41:48 - [MESSAGE][PASSED] - Send request successfully

2023-01-22 20:41:48 - [TEST_STEP][PASSED] - verifyResponseStatusCode(resp2, 200): Verify response status code successfully

2023-01-22 20:41:48 - [MESSAGE][PASSED] - Verify response status code successfully

2023-01-22 20:41:48 - [TEST_STEP][PASSED] - verifyElementPropertyValue(resp2, "currentTeam.desc", teamDesc): Verify element property value successfully

2023-01-22 20:41:48 - [MESSAGE][PASSED] - Verify element property value successfully]]></system-out>
         <system-err><![CDATA[]]></system-err>
      </testcase>
      <testcase name="Test Cases/Board/List/List - Add New" time="1.384" classname="Test Cases/Board/List/List - Add New" status="PASSED">
         <system-out><![CDATA[2023-01-22 20:41:48 - [TEST_CASE][PASSED] - Test Cases/Board/List/List - Add New: Test Cases/Board/List/List - Add New

2023-01-22 20:41:49 - [TEST_STEP][PASSED] - jsonSlurper = new groovy.json.JsonSlurper(): null

2023-01-22 20:41:49 - [TEST_STEP][PASSED] - resp1 = sendRequest(findTestObject("Board/Get Board Info")): Send request successfully

2023-01-22 20:41:49 - [MESSAGE][INFO] - HAR: /Users/aniskunis/Katalon Studio/bigProjectAPI/Reports/20230122_204124/Cicle Staging/20230122_204124/requests/main/7.har

2023-01-22 20:41:49 - [MESSAGE][PASSED] - Send request successfully

2023-01-22 20:41:49 - [TEST_STEP][PASSED] - verifyResponseStatusCode(resp1, 200): Verify response status code successfully

2023-01-22 20:41:49 - [MESSAGE][PASSED] - Verify response status code successfully

2023-01-22 20:41:49 - [TEST_STEP][PASSED] - jsonResp1 = jsonSlurper.parseText(resp1.getResponseText()): null

2023-01-22 20:41:49 - [TEST_STEP][PASSED] - verifyEqual(message, "Get board list card successful"): Actual object 'Get board list card successful' and expected object 'Get board list card successful' are equal

2023-01-22 20:41:49 - [MESSAGE][PASSED] - Actual object 'Get board list card successful' and expected object 'Get board list card successful' are equal

2023-01-22 20:41:49 - [TEST_STEP][PASSED] - resp2 = sendRequest(findTestObject("Board/List/Add New List")): Send request successfully

2023-01-22 20:41:50 - [MESSAGE][INFO] - HAR: /Users/aniskunis/Katalon Studio/bigProjectAPI/Reports/20230122_204124/Cicle Staging/20230122_204124/requests/main/8.har

2023-01-22 20:41:50 - [MESSAGE][PASSED] - Send request successfully

2023-01-22 20:41:50 - [TEST_STEP][PASSED] - verifyResponseStatusCode(resp2, 200): Verify response status code successfully

2023-01-22 20:41:50 - [MESSAGE][PASSED] - Verify response status code successfully

2023-01-22 20:41:50 - [TEST_STEP][PASSED] - jsonResp2 = jsonSlurper.parseText(resp2.getResponseBodyContent()): null]]></system-out>
         <system-err><![CDATA[]]></system-err>
      </testcase>
      <testcase name="Test Cases/Board/Card/Card - Add New" time="1.455" classname="Test Cases/Board/Card/Card - Add New" status="PASSED">
         <system-out><![CDATA[2023-01-22 20:41:50 - [TEST_CASE][PASSED] - Test Cases/Board/Card/Card - Add New: Test Cases/Board/Card/Card - Add New

2023-01-22 20:41:50 - [TEST_STEP][PASSED] - jsonSlurper = new groovy.json.JsonSlurper(): null

2023-01-22 20:41:50 - [TEST_STEP][PASSED] - resp1 = sendRequest(findTestObject("Board/Get Board Info")): Send request successfully

2023-01-22 20:41:51 - [MESSAGE][INFO] - HAR: /Users/aniskunis/Katalon Studio/bigProjectAPI/Reports/20230122_204124/Cicle Staging/20230122_204124/requests/main/9.har

2023-01-22 20:41:51 - [MESSAGE][PASSED] - Send request successfully

2023-01-22 20:41:51 - [TEST_STEP][PASSED] - verifyResponseStatusCode(resp1, 200): Verify response status code successfully

2023-01-22 20:41:51 - [MESSAGE][PASSED] - Verify response status code successfully

2023-01-22 20:41:51 - [TEST_STEP][PASSED] - jsonResp1 = jsonSlurper.parseText(resp1.getResponseText()): null

2023-01-22 20:41:51 - [TEST_STEP][PASSED] - listID = _id: null

2023-01-22 20:41:51 - [TEST_STEP][PASSED] - resp2 = sendRequest(findTestObject("Board/Card/Add New Card")): Send request successfully

2023-01-22 20:41:51 - [MESSAGE][INFO] - HAR: /Users/aniskunis/Katalon Studio/bigProjectAPI/Reports/20230122_204124/Cicle Staging/20230122_204124/requests/main/10.har

2023-01-22 20:41:51 - [MESSAGE][PASSED] - Send request successfully

2023-01-22 20:41:51 - [TEST_STEP][PASSED] - verifyResponseStatusCode(resp2, 200): Verify response status code successfully

2023-01-22 20:41:51 - [MESSAGE][PASSED] - Verify response status code successfully

2023-01-22 20:41:51 - [TEST_STEP][PASSED] - verifyElementPropertyValue(resp2, "message", "Creating card is success"): Verify element property value successfully

2023-01-22 20:41:51 - [MESSAGE][PASSED] - Verify element property value successfully

2023-01-22 20:41:51 - [TEST_STEP][PASSED] - jsonResp2 = jsonSlurper.parseText(resp2.getResponseBodyContent()): null

2023-01-22 20:41:51 - [TEST_STEP][PASSED] - cardID = _id: null]]></system-out>
         <system-err><![CDATA[]]></system-err>
      </testcase>
      <testcase name="Test Cases/Board/Card/Card - Add Attachment" time="1.458" classname="Test Cases/Board/Card/Card - Add Attachment" status="PASSED">
         <system-out><![CDATA[2023-01-22 20:41:51 - [TEST_CASE][PASSED] - Test Cases/Board/Card/Card - Add Attachment: Test Cases/Board/Card/Card - Add Attachment

2023-01-22 20:41:52 - [TEST_STEP][PASSED] - jsonSlurper = new groovy.json.JsonSlurper(): null

2023-01-22 20:41:52 - [TEST_STEP][PASSED] - resp = sendRequest(findTestObject("Board/Card/Add Attach File")): Send request successfully

2023-01-22 20:41:53 - [MESSAGE][INFO] - HAR: /Users/aniskunis/Katalon Studio/bigProjectAPI/Reports/20230122_204124/Cicle Staging/20230122_204124/requests/main/11.har

2023-01-22 20:41:53 - [MESSAGE][PASSED] - Send request successfully

2023-01-22 20:41:53 - [TEST_STEP][PASSED] - verifyResponseStatusCode(resp, 200): Verify response status code successfully

2023-01-22 20:41:53 - [MESSAGE][PASSED] - Verify response status code successfully

2023-01-22 20:41:53 - [TEST_STEP][PASSED] - verifyElementPropertyValue(resp, "message", "Upload attachments is success"): Verify element property value successfully

2023-01-22 20:41:53 - [MESSAGE][PASSED] - Verify element property value successfully

2023-01-22 20:41:53 - [TEST_STEP][PASSED] - jsonResp = jsonSlurper.parseText(resp.getResponseBodyContent()): null

2023-01-22 20:41:53 - [TEST_STEP][PASSED] - attachmentID = _id: null]]></system-out>
         <system-err><![CDATA[]]></system-err>
      </testcase>
      <testcase name="Test Cases/Board/Card/Card - Delete Attachment" time="0.994" classname="Test Cases/Board/Card/Card - Delete Attachment" status="PASSED">
         <system-out><![CDATA[2023-01-22 20:41:53 - [TEST_CASE][PASSED] - Test Cases/Board/Card/Card - Delete Attachment: Test Cases/Board/Card/Card - Delete Attachment

2023-01-22 20:41:53 - [TEST_STEP][PASSED] - resp = sendRequest(findTestObject("Board/Card/Delete Attach File")): Send request successfully

2023-01-22 20:41:54 - [MESSAGE][INFO] - HAR: /Users/aniskunis/Katalon Studio/bigProjectAPI/Reports/20230122_204124/Cicle Staging/20230122_204124/requests/main/12.har

2023-01-22 20:41:54 - [MESSAGE][PASSED] - Send request successfully

2023-01-22 20:41:54 - [TEST_STEP][PASSED] - verifyResponseStatusCode(resp, 200): Verify response status code successfully

2023-01-22 20:41:54 - [MESSAGE][PASSED] - Verify response status code successfully]]></system-out>
         <system-err><![CDATA[]]></system-err>
      </testcase>
      <testcase name="Test Cases/Board/Card/Card - Add Comment" time="0.85" classname="Test Cases/Board/Card/Card - Add Comment" status="PASSED">
         <system-out><![CDATA[2023-01-22 20:41:54 - [TEST_CASE][PASSED] - Test Cases/Board/Card/Card - Add Comment: Test Cases/Board/Card/Card - Add Comment

2023-01-22 20:41:54 - [TEST_STEP][PASSED] - jsonSlurper = new groovy.json.JsonSlurper(): null

2023-01-22 20:41:54 - [TEST_STEP][PASSED] - resp = sendRequest(findTestObject("Board/Card/Add Comment")): Send request successfully

2023-01-22 20:41:55 - [MESSAGE][INFO] - HAR: /Users/aniskunis/Katalon Studio/bigProjectAPI/Reports/20230122_204124/Cicle Staging/20230122_204124/requests/main/13.har

2023-01-22 20:41:55 - [MESSAGE][PASSED] - Send request successfully

2023-01-22 20:41:55 - [TEST_STEP][PASSED] - verifyResponseStatusCode(resp, 200): Verify response status code successfully

2023-01-22 20:41:55 - [MESSAGE][PASSED] - Verify response status code successfully

2023-01-22 20:41:55 - [TEST_STEP][PASSED] - jsonResp = jsonSlurper.parseText(resp.getResponseBodyContent()): null

2023-01-22 20:41:55 - [TEST_STEP][PASSED] - commentID = _id: null]]></system-out>
         <system-err><![CDATA[]]></system-err>
      </testcase>
      <testcase name="Test Cases/Board/Card/Card - Delete Comment" time="1.092" classname="Test Cases/Board/Card/Card - Delete Comment" status="PASSED">
         <system-out><![CDATA[2023-01-22 20:41:55 - [TEST_CASE][PASSED] - Test Cases/Board/Card/Card - Delete Comment: Test Cases/Board/Card/Card - Delete Comment

2023-01-22 20:41:55 - [TEST_STEP][PASSED] - resp = sendRequest(findTestObject("Board/Card/Delete Comment")): Send request successfully

2023-01-22 20:41:56 - [MESSAGE][INFO] - HAR: /Users/aniskunis/Katalon Studio/bigProjectAPI/Reports/20230122_204124/Cicle Staging/20230122_204124/requests/main/14.har

2023-01-22 20:41:56 - [MESSAGE][PASSED] - Send request successfully

2023-01-22 20:41:56 - [TEST_STEP][PASSED] - verifyResponseStatusCode(resp, 200): Verify response status code successfully

2023-01-22 20:41:56 - [MESSAGE][PASSED] - Verify response status code successfully]]></system-out>
         <system-err><![CDATA[]]></system-err>
      </testcase>
      <testcase name="Test Cases/Board/List/List - Archive" time="0.631" classname="Test Cases/Board/List/List - Archive" status="PASSED">
         <system-out><![CDATA[2023-01-22 20:41:56 - [TEST_CASE][PASSED] - Test Cases/Board/List/List - Archive: Test Cases/Board/List/List - Archive

2023-01-22 20:41:56 - [TEST_STEP][PASSED] - resp = sendRequest(findTestObject("Board/List/Archive List")): Send request successfully

2023-01-22 20:41:56 - [MESSAGE][INFO] - HAR: /Users/aniskunis/Katalon Studio/bigProjectAPI/Reports/20230122_204124/Cicle Staging/20230122_204124/requests/main/15.har

2023-01-22 20:41:56 - [MESSAGE][PASSED] - Send request successfully

2023-01-22 20:41:56 - [TEST_STEP][PASSED] - verifyResponseStatusCode(resp, 200): Verify response status code successfully

2023-01-22 20:41:56 - [MESSAGE][PASSED] - Verify response status code successfully]]></system-out>
         <system-err><![CDATA[]]></system-err>
      </testcase>
      <testcase name="Test Cases/Team/Team - Archive" time="0.753" classname="Test Cases/Team/Team - Archive" status="PASSED">
         <system-out><![CDATA[2023-01-22 20:41:56 - [TEST_CASE][PASSED] - Test Cases/Team/Team - Archive: Test Cases/Team/Team - Archive

2023-01-22 20:41:57 - [TEST_STEP][PASSED] - resp = sendRequest(findTestObject("Team/Archive Team")): Send request successfully

2023-01-22 20:41:57 - [MESSAGE][INFO] - HAR: /Users/aniskunis/Katalon Studio/bigProjectAPI/Reports/20230122_204124/Cicle Staging/20230122_204124/requests/main/16.har

2023-01-22 20:41:57 - [MESSAGE][PASSED] - Send request successfully

2023-01-22 20:41:57 - [TEST_STEP][PASSED] - verifyResponseStatusCode(resp, 200): Verify response status code successfully

2023-01-22 20:41:57 - [MESSAGE][PASSED] - Verify response status code successfully]]></system-out>
         <system-err><![CDATA[]]></system-err>
      </testcase>
      <testcase name="Test Cases/Negative/Team - Create (Negative)" time="0.596" classname="Test Cases/Negative/Team - Create (Negative)" status="PASSED">
         <system-out><![CDATA[2023-01-22 20:41:57 - [TEST_CASE][PASSED] - Test Cases/Negative/Team - Create (Negative): Test Cases/Negative/Team - Create (Negative)

2023-01-22 20:41:57 - [TEST_STEP][PASSED] - jsonSlurper = new groovy.json.JsonSlurper(): null

2023-01-22 20:41:57 - [TEST_STEP][PASSED] - resp = sendRequest(findTestObject("Negative/Create Team - Ngtv")): Send request successfully

2023-01-22 20:41:58 - [MESSAGE][INFO] - HAR: /Users/aniskunis/Katalon Studio/bigProjectAPI/Reports/20230122_204124/Cicle Staging/20230122_204124/requests/main/17.har

2023-01-22 20:41:58 - [MESSAGE][PASSED] - Send request successfully

2023-01-22 20:41:58 - [TEST_STEP][PASSED] - verifyResponseStatusCode(resp, 400): Verify response status code successfully

2023-01-22 20:41:58 - [MESSAGE][PASSED] - Verify response status code successfully

2023-01-22 20:41:58 - [TEST_STEP][PASSED] - verifyElementPropertyValue(resp, "message", "field companyId is required."): Verify element property value successfully

2023-01-22 20:41:58 - [MESSAGE][PASSED] - Verify element property value successfully]]></system-out>
         <system-err><![CDATA[]]></system-err>
      </testcase>
      <testcase name="Test Cases/Negative/List - Add New (Negative)" time="0.753" classname="Test Cases/Negative/List - Add New (Negative)" status="PASSED">
         <system-out><![CDATA[2023-01-22 20:41:58 - [TEST_CASE][PASSED] - Test Cases/Negative/List - Add New (Negative): Test Cases/Negative/List - Add New (Negative)

2023-01-22 20:41:58 - [TEST_STEP][PASSED] - jsonSlurper = new groovy.json.JsonSlurper(): null

2023-01-22 20:41:58 - [TEST_STEP][PASSED] - resp = sendRequest(findTestObject("Negative/Add New List - Ngtv")): Send request successfully

2023-01-22 20:41:58 - [MESSAGE][INFO] - HAR: /Users/aniskunis/Katalon Studio/bigProjectAPI/Reports/20230122_204124/Cicle Staging/20230122_204124/requests/main/18.har

2023-01-22 20:41:58 - [MESSAGE][PASSED] - Send request successfully

2023-01-22 20:41:58 - [TEST_STEP][PASSED] - verifyResponseStatusCode(resp, 404): Verify response status code successfully

2023-01-22 20:41:58 - [MESSAGE][PASSED] - Verify response status code successfully

2023-01-22 20:41:58 - [TEST_STEP][PASSED] - verifyElementPropertyValue(resp, "message", "Board id is not valid"): Verify element property value successfully

2023-01-22 20:41:58 - [MESSAGE][PASSED] - Verify element property value successfully]]></system-out>
         <system-err><![CDATA[]]></system-err>
      </testcase>
      <testcase name="Test Cases/Negative/Card - Add New (Negative) - 1" time="0.666" classname="Test Cases/Negative/Card - Add New (Negative) - 1" status="PASSED">
         <system-out><![CDATA[2023-01-22 20:41:58 - [TEST_CASE][PASSED] - Test Cases/Negative/Card - Add New (Negative) - 1: Test Cases/Negative/Card - Add New (Negative) - 1

2023-01-22 20:41:59 - [TEST_STEP][PASSED] - jsonSlurper = new groovy.json.JsonSlurper(): null

2023-01-22 20:41:59 - [TEST_STEP][PASSED] - resp = sendRequest(findTestObject("Negative/Add New Card - Ngtv 1")): Send request successfully

2023-01-22 20:41:59 - [MESSAGE][INFO] - HAR: /Users/aniskunis/Katalon Studio/bigProjectAPI/Reports/20230122_204124/Cicle Staging/20230122_204124/requests/main/19.har

2023-01-22 20:41:59 - [MESSAGE][PASSED] - Send request successfully

2023-01-22 20:41:59 - [TEST_STEP][PASSED] - verifyResponseStatusCode(resp, 401): Verify response status code successfully

2023-01-22 20:41:59 - [MESSAGE][PASSED] - Verify response status code successfully

2023-01-22 20:41:59 - [TEST_STEP][PASSED] - verifyElementPropertyValue(resp, "message", "This list is not belong to this board"): Verify element property value successfully

2023-01-22 20:41:59 - [MESSAGE][PASSED] - Verify element property value successfully]]></system-out>
         <system-err><![CDATA[]]></system-err>
      </testcase>
      <testcase name="Test Cases/Negative/Card - Add New (Negative) - 2" time="0.589" classname="Test Cases/Negative/Card - Add New (Negative) - 2" status="PASSED">
         <system-out><![CDATA[2023-01-22 20:41:59 - [TEST_CASE][PASSED] - Test Cases/Negative/Card - Add New (Negative) - 2: Test Cases/Negative/Card - Add New (Negative) - 2

2023-01-22 20:41:59 - [TEST_STEP][PASSED] - jsonSlurper = new groovy.json.JsonSlurper(): null

2023-01-22 20:41:59 - [TEST_STEP][PASSED] - resp = sendRequest(findTestObject("Negative/Add New Card - Ngtv 2")): Send request successfully

2023-01-22 20:42:00 - [MESSAGE][INFO] - HAR: /Users/aniskunis/Katalon Studio/bigProjectAPI/Reports/20230122_204124/Cicle Staging/20230122_204124/requests/main/20.har

2023-01-22 20:42:00 - [MESSAGE][PASSED] - Send request successfully

2023-01-22 20:42:00 - [TEST_STEP][PASSED] - verifyResponseStatusCode(resp, 500): Verify response status code successfully

2023-01-22 20:42:00 - [MESSAGE][PASSED] - Verify response status code successfully

2023-01-22 20:42:00 - [TEST_STEP][PASSED] - verifyElementPropertyValue(resp, "message", "Something went wrong."): Verify element property value successfully

2023-01-22 20:42:00 - [MESSAGE][PASSED] - Verify element property value successfully]]></system-out>
         <system-err><![CDATA[]]></system-err>
      </testcase>
      <testcase name="Test Cases/Company/Company - Delete" time="0.588" classname="Test Cases/Company/Company - Delete" status="PASSED">
         <system-out><![CDATA[2023-01-22 20:42:00 - [TEST_CASE][PASSED] - Test Cases/Company/Company - Delete: Test Cases/Company/Company - Delete

2023-01-22 20:42:00 - [TEST_STEP][PASSED] - resp = sendRequest(findTestObject("Company/Delete Company")): Send request successfully

2023-01-22 20:42:00 - [MESSAGE][INFO] - HAR: /Users/aniskunis/Katalon Studio/bigProjectAPI/Reports/20230122_204124/Cicle Staging/20230122_204124/requests/main/21.har

2023-01-22 20:42:00 - [MESSAGE][PASSED] - Send request successfully

2023-01-22 20:42:00 - [TEST_STEP][PASSED] - verifyResponseStatusCode(resp, 200): Verify response status code successfully

2023-01-22 20:42:00 - [MESSAGE][PASSED] - Verify response status code successfully]]></system-out>
         <system-err><![CDATA[]]></system-err>
      </testcase>
      <system-out><![CDATA[2023-01-22 20:41:38 - [TEST_SUITE][PASSED] - Cicle Staging: Test Cases/Company/Company - Delete]]></system-out>
      <system-err><![CDATA[]]></system-err>
   </testsuite>
</testsuites>
